<?xml version="1.0" encoding="UTF-8"?>
<!-- Generated by org.testng.reporters.JUnitXMLReporter -->
<testsuite ignored="0" hostname="Athirahs-MacBook-Air.local" failures="0" tests="2" name="Negative Testing" time="2.618" errors="0" timestamp="2024-07-25T01:40:07 MYT">
  <testcase classname="athirahrahmat.TestCases.InvalidCredential" name="wrongPassword" time="0.358"/>
  <testcase classname="athirahrahmat.TestCases.InvalidCredential" name="wrongUsername" time="0.207"/>
</testsuite> <!-- Negative Testing -->
