<?xml version="1.0" encoding="UTF-8"?>
<!-- Generated by org.testng.reporters.JUnitXMLReporter -->
<testsuite ignored="2" hostname="Athirahs-MacBook-Air.local" failures="0" tests="2" name="Default test" time="6.021" errors="0" timestamp="2024-07-30T22:45:22 MYT">
  <testcase classname="athirahrahmat.TestScripts.Login" name="login" time="0.365"/>
  <testcase classname="athirahrahmat.TestScripts.ViewProdDesc" name="viewProduct" time="5.629"/>
  <testcase classname="athirahrahmat.Utils.BaseTest" name="@AfterSuite closeBrowser" time="0.0">
    <ignored/>
  </testcase> <!-- @AfterSuite closeBrowser -->
  <testcase classname="athirahrahmat.Utils.BaseTest" name="@BeforeSuite invokeBrowser" time="0.0">
    <ignored/>
  </testcase> <!-- @BeforeSuite invokeBrowser -->
</testsuite> <!-- Default test -->
