<?xml version="1.0" encoding="UTF-8"?>
<!-- Generated by org.testng.reporters.JUnitXMLReporter -->
<testsuite ignored="0" hostname="Athirahs-MacBook-Air.local" failures="0" tests="2" name="Default test" time="2.751" errors="0" timestamp="2024-07-25T01:38:47 MYT">
  <testcase classname="athirahrahmat.TestCases.InvalidCredential" name="wrongPassword" time="0.362"/>
  <testcase classname="athirahrahmat.TestCases.InvalidCredential" name="wrongUsername" time="0.193"/>
</testsuite> <!-- Default test -->
