<?xml version="1.0" encoding="UTF-8"?>
<!-- Generated by org.testng.reporters.JUnitXMLReporter -->
<testsuite ignored="8" hostname="Athirahs-MacBook-Air.local" failures="0" tests="6" name="Functional Testing" time="4.47" errors="0" timestamp="2024-07-26T23:13:54 MYT">
  <testcase classname="athirahrahmat.TestCases.Login" name="login" time="0.707"/>
  <testcase classname="athirahrahmat.TestCases.AddToCart" name="selectProduct" time="1.169"/>
  <testcase classname="athirahrahmat.TestCases.ViewCart" name="verifyProdInCart" time="1.159"/>
  <testcase classname="athirahrahmat.TestCases.Checkout" name="clickCheckout" time="0.07"/>
  <testcase classname="athirahrahmat.TestCases.SubmitOrder" name="selectCountry" time="0.734"/>
  <testcase classname="athirahrahmat.TestCases.SubmitOrder" name="submitOrder" time="0.592"/>
  <testcase classname="athirahrahmat.Utils.BaseTest" name="@AfterSuite closeBrowser" time="0.0">
    <ignored/>
  </testcase> <!-- @AfterSuite closeBrowser -->
  <testcase classname="athirahrahmat.Utils.BaseTest" name="@BeforeSuite invokeBrowser" time="0.0">
    <ignored/>
  </testcase> <!-- @BeforeSuite invokeBrowser -->
  <testcase classname="athirahrahmat.Utils.BaseTest" name="@AfterSuite closeBrowser" time="0.0">
    <ignored/>
  </testcase> <!-- @AfterSuite closeBrowser -->
  <testcase classname="athirahrahmat.Utils.BaseTest" name="@AfterSuite closeBrowser" time="0.0">
    <ignored/>
  </testcase> <!-- @AfterSuite closeBrowser -->
  <testcase classname="athirahrahmat.Utils.BaseTest" name="@BeforeSuite invokeBrowser" time="0.0">
    <ignored/>
  </testcase> <!-- @BeforeSuite invokeBrowser -->
  <testcase classname="athirahrahmat.Utils.BaseTest" name="@BeforeSuite invokeBrowser" time="0.0">
    <ignored/>
  </testcase> <!-- @BeforeSuite invokeBrowser -->
  <testcase classname="athirahrahmat.Utils.BaseTest" name="@AfterSuite closeBrowser" time="0.0">
    <ignored/>
  </testcase> <!-- @AfterSuite closeBrowser -->
  <testcase classname="athirahrahmat.Utils.BaseTest" name="@BeforeSuite invokeBrowser" time="0.0">
    <ignored/>
  </testcase> <!-- @BeforeSuite invokeBrowser -->
</testsuite> <!-- Functional Testing -->
