<?xml version="1.0" encoding="UTF-8"?>
<!-- Generated by org.testng.reporters.JUnitXMLReporter -->
<testsuite ignored="0" hostname="Athirahs-MacBook-Air.local" failures="0" tests="2" name="Negative Testing" time="2.575" errors="0" timestamp="2024-07-25T23:59:24 MYT">
  <testcase classname="athirahrahmat.TestCases.InvalidCredential" name="wrongPassword" time="2.437"/>
  <testcase classname="athirahrahmat.TestCases.InvalidCredential" name="wrongUsername" time="0.101"/>
</testsuite> <!-- Negative Testing -->
