<?xml version="1.0" encoding="UTF-8"?>
<!-- Generated by org.testng.reporters.JUnitXMLReporter -->
<testsuite ignored="8" hostname="Athirahs-MacBook-Air.local" failures="0" tests="5" name="Smoke Testing" time="21.812" errors="0" timestamp="2024-08-14T17:15:16 MYT">
  <testcase classname="athirahrahmat.TestScripts.Login" name="login" time="0.312"/>
  <testcase classname="athirahrahmat.TestScripts.FilterBySearchbox" name="filterBySearchbox" time="5.115"/>
  <testcase classname="athirahrahmat.TestScripts.ViewProdDesc" name="viewProduct" time="5.53"/>
  <testcase classname="athirahrahmat.TestScripts.ViewPastOrders" name="clickOrdersTab" time="5.38"/>
  <testcase classname="athirahrahmat.TestScripts.Logout" name="signout" time="5.309"/>
  <testcase classname="athirahrahmat.Utils.BaseTest" name="@AfterSuite closeBrowser" time="0.0">
    <ignored/>
  </testcase> <!-- @AfterSuite closeBrowser -->
  <testcase classname="athirahrahmat.Utils.BaseTest" name="@AfterSuite closeBrowser" time="0.0">
    <ignored/>
  </testcase> <!-- @AfterSuite closeBrowser -->
  <testcase classname="athirahrahmat.Utils.BaseTest" name="@BeforeSuite invokeBrowser" time="0.0">
    <ignored/>
  </testcase> <!-- @BeforeSuite invokeBrowser -->
  <testcase classname="athirahrahmat.Utils.BaseTest" name="@BeforeSuite invokeBrowser" time="0.0">
    <ignored/>
  </testcase> <!-- @BeforeSuite invokeBrowser -->
  <testcase classname="athirahrahmat.Utils.BaseTest" name="@AfterSuite closeBrowser" time="0.0">
    <ignored/>
  </testcase> <!-- @AfterSuite closeBrowser -->
  <testcase classname="athirahrahmat.Utils.BaseTest" name="@BeforeSuite invokeBrowser" time="0.0">
    <ignored/>
  </testcase> <!-- @BeforeSuite invokeBrowser -->
  <testcase classname="athirahrahmat.Utils.BaseTest" name="@BeforeSuite invokeBrowser" time="0.0">
    <ignored/>
  </testcase> <!-- @BeforeSuite invokeBrowser -->
  <testcase classname="athirahrahmat.Utils.BaseTest" name="@AfterSuite closeBrowser" time="0.0">
    <ignored/>
  </testcase> <!-- @AfterSuite closeBrowser -->
</testsuite> <!-- Smoke Testing -->
