<?xml version="1.0" encoding="UTF-8"?>
<!-- Generated by org.testng.reporters.JUnitXMLReporter -->
<testsuite ignored="4" hostname="Athirahs-MacBook-Air.local" failures="0" tests="3" name="Smoke Testing" time="20.661" errors="0" timestamp="2024-07-30T21:51:59 MYT">
  <testcase classname="athirahrahmat.TestScripts.Login" name="login" time="0.382"/>
  <testcase classname="athirahrahmat.TestScripts.ViewPastOrders" name="clickOrdersTab" time="0.123"/>
  <testcase classname="athirahrahmat.TestScripts.ViewProductDesc" name="viewProduct" time="20.127"/>
  <testcase classname="athirahrahmat.Utils.BaseTest" name="@AfterSuite closeBrowser" time="0.0">
    <ignored/>
  </testcase> <!-- @AfterSuite closeBrowser -->
  <testcase classname="athirahrahmat.Utils.BaseTest" name="@BeforeSuite invokeBrowser" time="0.0">
    <ignored/>
  </testcase> <!-- @BeforeSuite invokeBrowser -->
  <testcase classname="athirahrahmat.Utils.BaseTest" name="@AfterSuite closeBrowser" time="0.0">
    <ignored/>
  </testcase> <!-- @AfterSuite closeBrowser -->
  <testcase classname="athirahrahmat.Utils.BaseTest" name="@BeforeSuite invokeBrowser" time="0.0">
    <ignored/>
  </testcase> <!-- @BeforeSuite invokeBrowser -->
</testsuite> <!-- Smoke Testing -->
