<?xml version="1.0" encoding="UTF-8"?>
<!-- Generated by org.testng.reporters.JUnitXMLReporter -->
<testsuite ignored="8" hostname="Athirahs-MacBook-Air.local" failures="0" tests="6" name="Functional Testing" time="26.035" errors="0" timestamp="2024-07-30T00:42:37 MYT">
  <testcase classname="athirahrahmat.TestScripts.Login" name="login" time="0.441"/>
  <testcase classname="athirahrahmat.TestScripts.AddToCart" name="selectProduct" time="0.141"/>
  <testcase classname="athirahrahmat.TestScripts.ViewCart" name="verifyProdInCart" time="13.724"/>
  <testcase classname="athirahrahmat.TestScripts.Checkout" name="clickCheckout" time="10.176"/>
  <testcase classname="athirahrahmat.TestScripts.SubmitOrder" name="selectCountry" time="0.535"/>
  <testcase classname="athirahrahmat.TestScripts.SubmitOrder" name="submitOrder" time="0.986"/>
  <testcase classname="athirahrahmat.Utils.BaseTest" name="@BeforeSuite invokeBrowser" time="0.0">
    <ignored/>
  </testcase> <!-- @BeforeSuite invokeBrowser -->
  <testcase classname="athirahrahmat.Utils.BaseTest" name="@AfterSuite closeBrowser" time="0.0">
    <ignored/>
  </testcase> <!-- @AfterSuite closeBrowser -->
  <testcase classname="athirahrahmat.Utils.BaseTest" name="@BeforeSuite invokeBrowser" time="0.0">
    <ignored/>
  </testcase> <!-- @BeforeSuite invokeBrowser -->
  <testcase classname="athirahrahmat.Utils.BaseTest" name="@AfterSuite closeBrowser" time="0.0">
    <ignored/>
  </testcase> <!-- @AfterSuite closeBrowser -->
  <testcase classname="athirahrahmat.Utils.BaseTest" name="@AfterSuite closeBrowser" time="0.0">
    <ignored/>
  </testcase> <!-- @AfterSuite closeBrowser -->
  <testcase classname="athirahrahmat.Utils.BaseTest" name="@BeforeSuite invokeBrowser" time="0.0">
    <ignored/>
  </testcase> <!-- @BeforeSuite invokeBrowser -->
  <testcase classname="athirahrahmat.Utils.BaseTest" name="@AfterSuite closeBrowser" time="0.0">
    <ignored/>
  </testcase> <!-- @AfterSuite closeBrowser -->
  <testcase classname="athirahrahmat.Utils.BaseTest" name="@BeforeSuite invokeBrowser" time="0.0">
    <ignored/>
  </testcase> <!-- @BeforeSuite invokeBrowser -->
</testsuite> <!-- Functional Testing -->
