<?xml version="1.0" encoding="UTF-8"?>
<!-- Generated by org.testng.reporters.JUnitXMLReporter -->
<testsuite ignored="8" hostname="Athirahs-MacBook-Air.local" failures="0" tests="6" name="Sanity Testing" time="71.711" errors="0" timestamp="2024-07-30T00:53:00 MYT">
  <testcase classname="athirahrahmat.TestScripts.Login" name="login" time="3.469"/>
  <testcase classname="athirahrahmat.TestScripts.AddMoreThan1Product" name="selectProducts" time="34.142"/>
  <testcase classname="athirahrahmat.TestScripts.ViewCartIFMore1Product" name="verifyProdInCart" time="23.125"/>
  <testcase classname="athirahrahmat.TestScripts.Checkout2" name="clickCheckout" time="10.122"/>
  <testcase classname="athirahrahmat.TestScripts.SubmitMoreProducts" name="selectCountry" time="0.524"/>
  <testcase classname="athirahrahmat.TestScripts.SubmitMoreProducts" name="submitOrder" time="0.256"/>
  <testcase classname="athirahrahmat.Utils.BaseTest" name="@BeforeSuite invokeBrowser" time="0.0">
    <ignored/>
  </testcase> <!-- @BeforeSuite invokeBrowser -->
  <testcase classname="athirahrahmat.Utils.BaseTest" name="@AfterSuite closeBrowser" time="0.0">
    <ignored/>
  </testcase> <!-- @AfterSuite closeBrowser -->
  <testcase classname="athirahrahmat.Utils.BaseTest" name="@AfterSuite closeBrowser" time="0.0">
    <ignored/>
  </testcase> <!-- @AfterSuite closeBrowser -->
  <testcase classname="athirahrahmat.Utils.BaseTest" name="@BeforeSuite invokeBrowser" time="0.0">
    <ignored/>
  </testcase> <!-- @BeforeSuite invokeBrowser -->
  <testcase classname="athirahrahmat.Utils.BaseTest" name="@AfterSuite closeBrowser" time="0.0">
    <ignored/>
  </testcase> <!-- @AfterSuite closeBrowser -->
  <testcase classname="athirahrahmat.Utils.BaseTest" name="@AfterSuite closeBrowser" time="0.0">
    <ignored/>
  </testcase> <!-- @AfterSuite closeBrowser -->
  <testcase classname="athirahrahmat.Utils.BaseTest" name="@BeforeSuite invokeBrowser" time="0.0">
    <ignored/>
  </testcase> <!-- @BeforeSuite invokeBrowser -->
  <testcase classname="athirahrahmat.Utils.BaseTest" name="@BeforeSuite invokeBrowser" time="0.0">
    <ignored/>
  </testcase> <!-- @BeforeSuite invokeBrowser -->
</testsuite> <!-- Sanity Testing -->
