<?xml version="1.0" encoding="UTF-8"?>
<!-- Generated by org.testng.reporters.JUnitXMLReporter -->
<testsuite ignored="1" hostname="Athirahs-MacBook-Air.local" failures="0" tests="2" name="Functional Tests" time="2.034" errors="0" timestamp="2024-07-24T23:48:04 MYT">
  <testcase classname="athirahrahmat.TestCases.BaseTest" name="@BeforeMethod navigateToURL" time="0.002">
    <failure type="java.lang.NullPointerException" message="Cannot invoke &amp;quot;org.openqa.selenium.WebDriver.get(String)&amp;quot; because &amp;quot;this.driver&amp;quot; is null">
      <![CDATA[java.lang.NullPointerException: Cannot invoke "org.openqa.selenium.WebDriver.get(String)" because "this.driver" is null
at athirahrahmat.TestCases.BaseTest.navigateToURL(BaseTest.java:27)
at java.base/java.util.ArrayList.forEach(ArrayList.java:1597)
at java.base/java.util.concurrent.FutureTask.run(FutureTask.java:317)
at java.base/java.util.concurrent.ThreadPoolExecutor.runWorker(ThreadPoolExecutor.java:1144)
at java.base/java.util.concurrent.ThreadPoolExecutor$Worker.run(ThreadPoolExecutor.java:642)
at java.base/java.lang.Thread.run(Thread.java:1570)
... Removed 19 stack frames]]>
    </failure>
  </testcase> <!-- @BeforeMethod navigateToURL -->
  <testcase classname="athirahrahmat.TestCases.GetPageTitle" name="getWebPageTitle" time="0.016"/>
  <testcase classname="athirahrahmat.TestCases.LoginSuccessfully" name="login" time="0.0">
    <skipped/>
  </testcase> <!-- login -->
  <testcase classname="athirahrahmat.TestCases.BaseTest" name="@BeforeSuite initializeBrowser" time="0.0">
    <ignored/>
  </testcase> <!-- @BeforeSuite initializeBrowser -->
</testsuite> <!-- Functional Tests -->
