<?xml version="1.0" encoding="UTF-8"?>
<!-- Generated by org.testng.reporters.JUnitXMLReporter -->
<testsuite ignored="0" hostname="Athirahs-MacBook-Air.local" failures="0" tests="2" name="Negative Testing" time="0.835" errors="0" timestamp="2024-07-27T01:10:48 MYT">
  <testcase classname="athirahrahmat.NegativeTestScripts.InvalidCredential" name="wrongPassword" time="0.698"/>
  <testcase classname="athirahrahmat.NegativeTestScripts.InvalidCredential" name="wrongUsername" time="0.11"/>
</testsuite> <!-- Negative Testing -->
