<?xml version="1.0" encoding="UTF-8"?>
<!-- Generated by org.testng.reporters.JUnitXMLReporter -->
<testsuite ignored="6" hostname="Athirahs-MacBook-Air.local" failures="0" tests="5" name="Negative Testing" time="7.453" errors="0" timestamp="2024-08-01T01:51:28 MYT">
  <testcase classname="athirahrahmat.TestScripts.Login" name="login" time="0.411"/>
  <testcase classname="athirahrahmat.NegativeTestScripts.NoProdFound" name="filterBySearchbox" time="0.722"/>
  <testcase classname="athirahrahmat.TestScripts.Logout" name="signout" time="5.082"/>
  <testcase classname="athirahrahmat.NegativeTestScripts.InvalidCredential" name="wrongPassword" time="0.978"/>
  <testcase classname="athirahrahmat.NegativeTestScripts.InvalidCredential" name="wrongUsername" time="0.116"/>
  <testcase classname="athirahrahmat.Utils.BaseTest" name="@AfterSuite closeBrowser" time="0.0">
    <ignored/>
  </testcase> <!-- @AfterSuite closeBrowser -->
  <testcase classname="athirahrahmat.Utils.BaseTest" name="@BeforeSuite invokeBrowser" time="0.0">
    <ignored/>
  </testcase> <!-- @BeforeSuite invokeBrowser -->
  <testcase classname="athirahrahmat.Utils.BaseTest" name="@BeforeSuite invokeBrowser" time="0.0">
    <ignored/>
  </testcase> <!-- @BeforeSuite invokeBrowser -->
  <testcase classname="athirahrahmat.Utils.BaseTest" name="@AfterSuite closeBrowser" time="0.0">
    <ignored/>
  </testcase> <!-- @AfterSuite closeBrowser -->
  <testcase classname="athirahrahmat.Utils.BaseTest" name="@BeforeSuite invokeBrowser" time="0.0">
    <ignored/>
  </testcase> <!-- @BeforeSuite invokeBrowser -->
  <testcase classname="athirahrahmat.Utils.BaseTest" name="@AfterSuite closeBrowser" time="0.0">
    <ignored/>
  </testcase> <!-- @AfterSuite closeBrowser -->
</testsuite> <!-- Negative Testing -->
