<?xml version="1.0" encoding="UTF-8"?>
<testng-results ignored="0" total="6" passed="6" failed="0" skipped="0">
  <reporter-output>
  </reporter-output>
  <suite started-at="2024-07-30T00:51:48 MYT" name="Functional Test Suite" finished-at="2024-07-30T00:53:00 MYT" duration-ms="71711">
    <groups>
    </groups>
    <test started-at="2024-07-30T00:51:48 MYT" name="Sanity Testing" finished-at="2024-07-30T00:53:00 MYT" duration-ms="71711">
      <class name="athirahrahmat.TestScripts.SubmitMoreProducts">
        <test-method signature="selectCountry()[pri:0, instance:athirahrahmat.TestScripts.SubmitMoreProducts@131774fe]" started-at="2024-07-30T00:52:59 MYT" name="selectCountry" finished-at="2024-07-30T00:52:59 MYT" depends-on-methods="athirahrahmat.TestScripts.Checkout2.clickCheckout" duration-ms="524" status="PASS">
          <reporter-output>
          </reporter-output>
        </test-method> <!-- selectCountry -->
        <test-method signature="submitOrder()[pri:0, instance:athirahrahmat.TestScripts.SubmitMoreProducts@131774fe]" started-at="2024-07-30T00:52:59 MYT" name="submitOrder" finished-at="2024-07-30T00:53:00 MYT" depends-on-methods="athirahrahmat.TestScripts.SubmitMoreProducts.selectCountry" duration-ms="256" status="PASS">
          <reporter-output>
          </reporter-output>
        </test-method> <!-- submitOrder -->
      </class> <!-- athirahrahmat.TestScripts.SubmitMoreProducts -->
      <class name="athirahrahmat.TestScripts.Checkout2">
        <test-method signature="clickCheckout()[pri:0, instance:athirahrahmat.TestScripts.Checkout2@74fe5c40]" started-at="2024-07-30T00:52:49 MYT" name="clickCheckout" finished-at="2024-07-30T00:52:59 MYT" depends-on-methods="athirahrahmat.TestScripts.ViewCartIFMore1Product.verifyProdInCart" duration-ms="10122" status="PASS">
          <reporter-output>
          </reporter-output>
        </test-method> <!-- clickCheckout -->
      </class> <!-- athirahrahmat.TestScripts.Checkout2 -->
      <class name="athirahrahmat.TestScripts.ViewCartIFMore1Product">
        <test-method signature="verifyProdInCart()[pri:0, instance:athirahrahmat.TestScripts.ViewCartIFMore1Product@436813f3]" started-at="2024-07-30T00:52:26 MYT" name="verifyProdInCart" finished-at="2024-07-30T00:52:49 MYT" depends-on-methods="athirahrahmat.TestScripts.AddMoreThan1Product.selectProducts" duration-ms="23125" status="PASS">
          <reporter-output>
          </reporter-output>
        </test-method> <!-- verifyProdInCart -->
      </class> <!-- athirahrahmat.TestScripts.ViewCartIFMore1Product -->
      <class name="athirahrahmat.TestScripts.AddMoreThan1Product">
        <test-method signature="selectProducts()[pri:0, instance:athirahrahmat.TestScripts.AddMoreThan1Product@8f4ea7c]" started-at="2024-07-30T00:51:51 MYT" name="selectProducts" finished-at="2024-07-30T00:52:25 MYT" depends-on-methods="athirahrahmat.TestScripts.Login.login" duration-ms="34142" status="PASS">
          <reporter-output>
          </reporter-output>
        </test-method> <!-- selectProducts -->
      </class> <!-- athirahrahmat.TestScripts.AddMoreThan1Product -->
      <class name="athirahrahmat.TestScripts.Login">
        <test-method is-config="true" signature="invokeBrowser()[pri:0, instance:athirahrahmat.TestScripts.Login@564fabc8]" started-at="2024-07-30T00:51:46 MYT" name="invokeBrowser" finished-at="2024-07-30T00:51:48 MYT" duration-ms="1933" status="PASS">
          <reporter-output>
          </reporter-output>
        </test-method> <!-- invokeBrowser -->
        <test-method signature="login()[pri:0, instance:athirahrahmat.TestScripts.Login@564fabc8]" started-at="2024-07-30T00:51:48 MYT" name="login" finished-at="2024-07-30T00:51:51 MYT" duration-ms="3469" status="PASS">
          <reporter-output>
          </reporter-output>
        </test-method> <!-- login -->
        <test-method is-config="true" signature="closeBrowser()[pri:0, instance:athirahrahmat.TestScripts.Login@564fabc8]" started-at="2024-07-30T00:53:00 MYT" name="closeBrowser" finished-at="2024-07-30T00:53:00 MYT" duration-ms="105" status="PASS">
          <reporter-output>
          </reporter-output>
        </test-method> <!-- closeBrowser -->
      </class> <!-- athirahrahmat.TestScripts.Login -->
    </test> <!-- Sanity Testing -->
  </suite> <!-- Functional Test Suite -->
</testng-results>
